mode: set
git.legchelife.ru/root/template/internal/repo/ini.go:16.32,22.2 1 0
git.legchelife.ru/root/template/internal/repo/ini.go:28.9,34.2 1 1
git.legchelife.ru/root/template/internal/repo/company/company.go:9.35,11.2 1 0
git.legchelife.ru/root/template/internal/repo/company/company.go:23.68,26.74 2 0
git.legchelife.ru/root/template/internal/repo/company/company.go:26.74,29.17 3 0
git.legchelife.ru/root/template/internal/repo/company/company.go:29.17,31.4 1 0
git.legchelife.ru/root/template/internal/repo/company/company.go:32.3,32.23 1 0
git.legchelife.ru/root/template/internal/repo/company/company.go:34.2,34.16 1 0
git.legchelife.ru/root/template/internal/repo/company/company.go:34.16,36.3 1 0
git.legchelife.ru/root/template/internal/repo/company/company.go:37.2,37.22 1 0
git.legchelife.ru/root/template/internal/repo/section/section.go:9.35,13.2 1 0
git.legchelife.ru/root/template/internal/repo/section/section.go:23.65,26.76 2 0
git.legchelife.ru/root/template/internal/repo/section/section.go:26.76,29.17 3 0
git.legchelife.ru/root/template/internal/repo/section/section.go:29.17,31.4 1 0
git.legchelife.ru/root/template/internal/repo/section/section.go:32.3,32.22 1 0
git.legchelife.ru/root/template/internal/repo/section/section.go:34.2,34.16 1 0
git.legchelife.ru/root/template/internal/repo/section/section.go:34.16,36.3 1 0
git.legchelife.ru/root/template/internal/repo/section/section.go:37.2,37.22 1 0
git.legchelife.ru/root/template/internal/repo/user/repo.go:13.32,19.2 1 0
git.legchelife.ru/root/template/internal/repo/user/repo.go:25.9,31.2 1 1
git.legchelife.ru/root/template/internal/repo/user/user.go:33.78,35.70 2 0
git.legchelife.ru/root/template/internal/repo/user/user.go:35.70,41.17 6 0
git.legchelife.ru/root/template/internal/repo/user/user.go:41.17,43.4 1 0
git.legchelife.ru/root/template/internal/repo/user/user.go:45.3,45.20 1 0
git.legchelife.ru/root/template/internal/repo/user/user.go:47.2,47.16 1 0
git.legchelife.ru/root/template/internal/repo/user/user.go:47.16,49.3 1 0
git.legchelife.ru/root/template/internal/repo/user/user.go:50.2,50.22 1 0
git.legchelife.ru/root/template/internal/repo/user/user.go:54.62,56.68 2 0
git.legchelife.ru/root/template/internal/repo/user/user.go:56.68,59.17 3 0
git.legchelife.ru/root/template/internal/repo/user/user.go:59.17,61.4 1 0
git.legchelife.ru/root/template/internal/repo/user/user.go:62.3,62.20 1 0
git.legchelife.ru/root/template/internal/repo/user/user.go:64.2,64.16 1 0
git.legchelife.ru/root/template/internal/repo/user/user.go:64.16,66.3 1 0
git.legchelife.ru/root/template/internal/repo/user/user.go:67.2,67.22 1 0
git.legchelife.ru/root/template/internal/repo/user/user.go:71.65,73.68 2 0
git.legchelife.ru/root/template/internal/repo/user/user.go:73.68,75.17 2 0
git.legchelife.ru/root/template/internal/repo/user/user.go:75.17,77.4 1 0
git.legchelife.ru/root/template/internal/repo/user/user.go:78.3,78.20 1 0
git.legchelife.ru/root/template/internal/repo/user/user.go:80.2,80.16 1 0
git.legchelife.ru/root/template/internal/repo/user/user.go:80.16,82.3 1 0
git.legchelife.ru/root/template/internal/repo/user/user.go:83.2,83.28 1 0
git.legchelife.ru/root/template/internal/repo/user/user.go:87.65,89.66 2 0
git.legchelife.ru/root/template/internal/repo/user/user.go:89.66,91.17 2 0
git.legchelife.ru/root/template/internal/repo/user/user.go:91.17,93.4 1 0
git.legchelife.ru/root/template/internal/repo/user/user.go:94.3,94.19 1 0
git.legchelife.ru/root/template/internal/repo/user/user.go:96.2,96.16 1 0
git.legchelife.ru/root/template/internal/repo/user/user.go:96.16,98.3 1 0
git.legchelife.ru/root/template/internal/repo/user/user.go:99.2,99.22 1 0
git.legchelife.ru/root/template/internal/repo/user/user.go:103.64,105.66 2 0
git.legchelife.ru/root/template/internal/repo/user/user.go:105.66,107.17 2 0
git.legchelife.ru/root/template/internal/repo/user/user.go:107.17,109.4 1 0
git.legchelife.ru/root/template/internal/repo/user/user.go:110.3,110.19 1 0
git.legchelife.ru/root/template/internal/repo/user/user.go:112.2,112.16 1 0
git.legchelife.ru/root/template/internal/repo/user/user.go:112.16,114.3 1 0
git.legchelife.ru/root/template/internal/repo/user/user.go:115.2,115.22 1 0
git.legchelife.ru/root/template/internal/repo/user/user_filter.go:14.43,17.22 2 0
git.legchelife.ru/root/template/internal/repo/user/user_filter.go:17.22,19.3 1 0
git.legchelife.ru/root/template/internal/repo/user/user_filter.go:21.2,21.19 1 0
git.legchelife.ru/root/template/internal/repo/user/user_filter.go:21.19,23.3 1 0
git.legchelife.ru/root/template/internal/repo/user/user_filter.go:25.2,25.22 1 0
git.legchelife.ru/root/template/internal/repo/user/user_filter.go:25.22,27.3 1 0
git.legchelife.ru/root/template/internal/repo/user/user_filter.go:29.2,29.19 1 0
git.legchelife.ru/root/template/internal/repo/user/user_param.go:21.69,23.72 2 0
git.legchelife.ru/root/template/internal/repo/user/user_param.go:23.72,28.17 5 0
git.legchelife.ru/root/template/internal/repo/user/user_param.go:28.17,30.4 1 0
git.legchelife.ru/root/template/internal/repo/user/user_param.go:31.3,31.25 1 0
git.legchelife.ru/root/template/internal/repo/user/user_param.go:33.2,33.16 1 0
git.legchelife.ru/root/template/internal/repo/user/user_param.go:33.16,35.3 1 0
git.legchelife.ru/root/template/internal/repo/user/user_param.go:36.2,36.22 1 0
git.legchelife.ru/root/template/internal/repo/user/user_param_filter.go:13.47,16.18 2 0
git.legchelife.ru/root/template/internal/repo/user/user_param_filter.go:16.18,18.3 1 0
git.legchelife.ru/root/template/internal/repo/user/user_param_filter.go:20.2,20.22 1 0
git.legchelife.ru/root/template/internal/repo/user/user_param_filter.go:20.22,22.3 1 0
git.legchelife.ru/root/template/internal/repo/user/user_param_filter.go:24.2,24.19 1 0
git.legchelife.ru/root/template/internal/repo/user/user_param_filter.go:24.19,26.3 1 0
git.legchelife.ru/root/template/internal/repo/user/user_param_filter.go:28.2,28.22 1 0
git.legchelife.ru/root/template/internal/repo/user/user_param_filter.go:28.22,30.3 1 0
git.legchelife.ru/root/template/internal/repo/user/user_param_filter.go:32.2,32.19 1 0
git.legchelife.ru/root/template/internal/repo/user/user_token.go:35.73,37.70 2 0
git.legchelife.ru/root/template/internal/repo/user/user_token.go:37.70,50.3 6 0
git.legchelife.ru/root/template/internal/repo/user/user_token.go:51.2,51.16 1 0
git.legchelife.ru/root/template/internal/repo/user/user_token.go:51.16,53.3 1 0
git.legchelife.ru/root/template/internal/repo/user/user_token.go:54.2,54.22 1 0
git.legchelife.ru/root/template/internal/repo/user/user_token.go:58.44,70.9 6 0
git.legchelife.ru/root/template/internal/repo/user/user_token.go:70.9,72.3 1 0
git.legchelife.ru/root/template/internal/repo/user/user_token.go:73.2,73.49 1 0
git.legchelife.ru/root/template/internal/repo/user/user_token.go:77.33,83.30 5 0
git.legchelife.ru/root/template/internal/repo/user/user_token.go:83.30,85.3 1 0
git.legchelife.ru/root/template/internal/repo/user/user_token.go:87.2,91.18 4 0
git.legchelife.ru/root/template/internal/repo/user/mock/user_mock.go:27.55,31.2 3 1
git.legchelife.ru/root/template/internal/repo/user/mock/user_mock.go:34.53,36.2 1 1
git.legchelife.ru/root/template/internal/repo/user/mock/user_mock.go:39.69,45.2 5 1
git.legchelife.ru/root/template/internal/repo/user/mock/user_mock.go:48.75,51.2 2 1
git.legchelife.ru/root/template/internal/repo/user/mock/user_mock.go:54.72,60.2 5 1
git.legchelife.ru/root/template/internal/repo/user/mock/user_mock.go:63.72,66.2 2 1
git.legchelife.ru/root/template/internal/repo/user/mock/user_mock.go:69.93,75.2 5 1
git.legchelife.ru/root/template/internal/repo/user/mock/user_mock.go:78.80,81.2 2 1
git.legchelife.ru/root/template/internal/repo/user/mock/user_mock.go:84.72,90.2 5 1
git.legchelife.ru/root/template/internal/repo/user/mock/user_mock.go:93.72,96.2 2 1
git.legchelife.ru/root/template/internal/repo/user/mock/user_mock.go:99.75,105.2 5 1
git.legchelife.ru/root/template/internal/repo/user/mock/user_mock.go:108.74,111.2 2 1
git.legchelife.ru/root/template/internal/repo/user/mock/user_param_mock.go:27.57,31.2 3 0
git.legchelife.ru/root/template/internal/repo/user/mock/user_param_mock.go:34.55,36.2 1 0
git.legchelife.ru/root/template/internal/repo/user/mock/user_param_mock.go:39.79,45.2 5 0
git.legchelife.ru/root/template/internal/repo/user/mock/user_param_mock.go:48.77,51.2 2 0
git.legchelife.ru/root/template/internal/repo/user/mock/user_token_mock.go:27.57,31.2 3 0
git.legchelife.ru/root/template/internal/repo/user/mock/user_token_mock.go:34.55,36.2 1 0
git.legchelife.ru/root/template/internal/repo/user/mock/user_token_mock.go:39.92,45.2 5 0
git.legchelife.ru/root/template/internal/repo/user/mock/user_token_mock.go:48.91,51.2 2 0
git.legchelife.ru/root/template/internal/usecase/ini.go:16.33,23.2 1 1
git.legchelife.ru/root/template/internal/usecase/module/section/section.go:13.36,17.2 1 1
git.legchelife.ru/root/template/internal/usecase/module/section/section.go:20.77,24.16 2 0
git.legchelife.ru/root/template/internal/usecase/module/section/section.go:24.16,26.3 1 0
git.legchelife.ru/root/template/internal/usecase/module/section/section.go:26.8,28.3 1 0
git.legchelife.ru/root/template/internal/usecase/module/user/param.go:13.41,17.2 1 1
git.legchelife.ru/root/template/internal/usecase/module/user/param.go:20.76,25.16 2 0
git.legchelife.ru/root/template/internal/usecase/module/user/param.go:25.16,27.3 1 0
git.legchelife.ru/root/template/internal/usecase/module/user/param.go:27.8,29.3 1 0
git.legchelife.ru/root/template/internal/usecase/module/user/repo.go:11.37,17.2 1 1
git.legchelife.ru/root/template/internal/usecase/module/user/token.go:14.39,16.2 1 1
git.legchelife.ru/root/template/internal/usecase/module/user/token.go:19.86,28.16 4 0
git.legchelife.ru/root/template/internal/usecase/module/user/token.go:28.16,30.3 1 0
git.legchelife.ru/root/template/internal/usecase/module/user/token.go:31.2,31.21 1 0
git.legchelife.ru/root/template/internal/usecase/module/user/token.go:31.21,34.3 2 0
git.legchelife.ru/root/template/internal/usecase/module/user/token.go:36.2,36.20 1 0
git.legchelife.ru/root/template/internal/usecase/module/user/token.go:36.20,39.3 2 0
git.legchelife.ru/root/template/internal/usecase/module/user/token.go:42.2,43.16 2 0
git.legchelife.ru/root/template/internal/usecase/module/user/token.go:43.16,45.3 1 0
git.legchelife.ru/root/template/internal/usecase/module/user/token.go:47.2,50.16 3 0
git.legchelife.ru/root/template/internal/usecase/module/user/token.go:50.16,52.3 1 0
git.legchelife.ru/root/template/internal/usecase/module/user/token.go:54.2,54.19 1 0
git.legchelife.ru/root/template/internal/usecase/module/user/user.go:15.37,19.2 1 1
git.legchelife.ru/root/template/internal/usecase/module/user/user.go:22.68,25.16 2 1
git.legchelife.ru/root/template/internal/usecase/module/user/user.go:25.16,27.3 1 1
git.legchelife.ru/root/template/internal/usecase/module/user/user.go:28.2,28.16 1 1
git.legchelife.ru/root/template/internal/usecase/module/user/user.go:32.89,35.16 2 1
git.legchelife.ru/root/template/internal/usecase/module/user/user.go:35.16,37.3 1 1
git.legchelife.ru/root/template/internal/usecase/module/user/user.go:38.2,38.16 1 1
git.legchelife.ru/root/template/internal/usecase/module/user/user.go:42.68,45.16 2 1
git.legchelife.ru/root/template/internal/usecase/module/user/user.go:45.16,47.3 1 1
git.legchelife.ru/root/template/internal/usecase/module/user/user.go:48.2,48.16 1 1
git.legchelife.ru/root/template/internal/usecase/module/user/user.go:52.71,55.16 2 1
git.legchelife.ru/root/template/internal/usecase/module/user/user.go:55.16,57.3 1 1
git.legchelife.ru/root/template/internal/usecase/module/user/user.go:58.2,58.16 1 1
git.legchelife.ru/root/template/internal/usecase/module/user/user.go:62.65,65.16 2 1
git.legchelife.ru/root/template/internal/usecase/module/user/user.go:65.16,67.3 1 1
git.legchelife.ru/root/template/internal/usecase/module/user/user.go:68.2,68.16 1 1
git.legchelife.ru/root/template/pkg/models/error.go:8.44,10.2 1 0
git.legchelife.ru/root/template/pkg/models/error.go:12.48,14.2 1 0
git.legchelife.ru/root/template/pkg/models/context/context.go:24.45,27.14 2 0
git.legchelife.ru/root/template/pkg/models/context/context.go:27.14,30.10 3 0
git.legchelife.ru/root/template/pkg/models/context/context.go:30.10,33.4 2 0
git.legchelife.ru/root/template/pkg/models/context/context.go:33.9,35.64 1 0
git.legchelife.ru/root/template/pkg/models/context/context.go:35.64,37.5 1 0
git.legchelife.ru/root/template/pkg/models/context/context.go:37.10,40.5 2 0
git.legchelife.ru/root/template/pkg/models/context/context.go:44.2,44.12 1 0
git.legchelife.ru/root/template/pkg/models/context/context.go:51.45,53.9 2 0
git.legchelife.ru/root/template/pkg/models/context/context.go:53.9,56.3 2 0
git.legchelife.ru/root/template/pkg/models/rechan/rechan.go:13.59,14.19 1 0
git.legchelife.ru/root/template/pkg/models/rechan/rechan.go:14.19,16.3 1 0
git.legchelife.ru/root/template/pkg/models/rechan/rechan.go:17.2,17.9 1 0
git.legchelife.ru/root/template/pkg/models/rechan/rechan.go:18.25,19.10 1 0
git.legchelife.ru/root/template/pkg/models/rechan/rechan.go:19.10,21.4 1 0
git.legchelife.ru/root/template/pkg/models/rechan/rechan.go:22.10,23.29 1 0
git.legchelife.ru/root/template/pkg/models/rechan/rechan.go:27.67,28.19 1 0
git.legchelife.ru/root/template/pkg/models/rechan/rechan.go:28.19,30.3 1 0
git.legchelife.ru/root/template/pkg/models/rechan/rechan.go:31.2,31.9 1 0
git.legchelife.ru/root/template/pkg/models/rechan/rechan.go:32.25,33.10 1 0
git.legchelife.ru/root/template/pkg/models/rechan/rechan.go:33.10,35.4 1 0
git.legchelife.ru/root/template/pkg/models/rechan/rechan.go:36.10,37.45 1 0
git.legchelife.ru/root/template/pkg/models/rechan/rechan.go:41.38,42.9 1 0
git.legchelife.ru/root/template/pkg/models/rechan/rechan.go:43.40,44.65 1 0
git.legchelife.ru/root/template/pkg/models/rechan/rechan.go:47.2,47.12 1 0
git.legchelife.ru/root/template/pkg/models/rechan/rechan_multiple.go:10.86,11.19 1 0
git.legchelife.ru/root/template/pkg/models/rechan/rechan_multiple.go:11.19,13.3 1 0
git.legchelife.ru/root/template/pkg/models/rechan/rechan_multiple.go:14.2,14.9 1 0
git.legchelife.ru/root/template/pkg/models/rechan/rechan_multiple.go:15.25,16.10 1 0
git.legchelife.ru/root/template/pkg/models/rechan/rechan_multiple.go:16.10,18.4 1 0
git.legchelife.ru/root/template/pkg/models/rechan/rechan_multiple.go:19.10,20.43 1 0
git.legchelife.ru/root/template/pkg/models/rechan/rechan_multiple.go:20.43,23.4 2 0
git.legchelife.ru/root/template/pkg/models/rechan/rechan_multiple.go:23.9,25.4 1 0
git.legchelife.ru/root/template/pkg/models/rechan/rechan_multiple.go:29.67,30.19 1 0
git.legchelife.ru/root/template/pkg/models/rechan/rechan_multiple.go:30.19,32.3 1 0
git.legchelife.ru/root/template/pkg/models/rechan/rechan_multiple.go:33.2,33.9 1 0
git.legchelife.ru/root/template/pkg/models/rechan/rechan_multiple.go:34.25,35.10 1 0
git.legchelife.ru/root/template/pkg/models/rechan/rechan_multiple.go:35.10,37.4 1 0
git.legchelife.ru/root/template/pkg/models/rechan/rechan_multiple.go:38.10,39.33 1 0
git.legchelife.ru/root/template/pkg/security/jwt/jwt.go:11.47,12.30 1 0
git.legchelife.ru/root/template/pkg/security/jwt/jwt.go:12.30,14.24 2 0
git.legchelife.ru/root/template/pkg/security/jwt/jwt.go:14.24,18.4 3 0
git.legchelife.ru/root/template/pkg/security/jwt/jwt.go:22.3,22.40 1 0
git.legchelife.ru/root/template/pkg/security/jwt/jwt.go:22.40,26.4 3 0
git.legchelife.ru/root/template/pkg/security/jwt/jwt.go:27.3,29.74 2 0
git.legchelife.ru/root/template/pkg/security/jwt/jwt.go:29.74,30.59 1 0
git.legchelife.ru/root/template/pkg/security/jwt/jwt.go:30.59,33.5 2 0
git.legchelife.ru/root/template/pkg/security/jwt/jwt.go:34.4,35.11 2 0
git.legchelife.ru/root/template/pkg/security/jwt/jwt.go:35.11,38.5 2 0
git.legchelife.ru/root/template/pkg/security/jwt/jwt.go:39.4,39.30 1 0
git.legchelife.ru/root/template/pkg/security/jwt/jwt.go:42.3,42.17 1 0
git.legchelife.ru/root/template/pkg/security/jwt/jwt.go:42.17,45.4 2 0
git.legchelife.ru/root/template/pkg/security/jwt/jwt.go:47.3,47.18 1 0
git.legchelife.ru/root/template/pkg/security/jwt/jwt.go:47.18,49.69 1 0
git.legchelife.ru/root/template/pkg/security/jwt/jwt.go:49.69,51.61 1 0
git.legchelife.ru/root/template/pkg/security/jwt/jwt.go:51.61,55.6 3 0
git.legchelife.ru/root/template/pkg/security/jwt/jwt.go:57.5,65.30 2 0
git.legchelife.ru/root/template/pkg/security/jwt/jwt.go:66.10,70.5 3 0
git.legchelife.ru/root/template/pkg/security/jwt/jwt.go:72.9,72.51 1 0
git.legchelife.ru/root/template/pkg/security/jwt/jwt.go:72.51,76.4 3 0
git.legchelife.ru/root/template/pkg/security/jwt/jwt.go:76.9,76.58 1 0
git.legchelife.ru/root/template/pkg/security/jwt/jwt.go:76.58,80.4 3 0
git.legchelife.ru/root/template/pkg/security/jwt/jwt.go:80.9,80.92 1 0
git.legchelife.ru/root/template/pkg/security/jwt/jwt.go:80.92,84.4 3 0
git.legchelife.ru/root/template/pkg/security/jwt/jwt.go:84.9,88.4 3 0
git.legchelife.ru/root/template/pkg/security/jwt/jwt.go:89.3,89.11 1 0
git.legchelife.ru/root/template/pkg/upper/request.go:11.89,16.2 4 0
git.legchelife.ru/root/template/pkg/upper/request.go:19.87,22.16 3 0
git.legchelife.ru/root/template/pkg/upper/request.go:22.16,24.3 1 0
git.legchelife.ru/root/template/pkg/upper/request.go:24.8,26.3 1 0
git.legchelife.ru/root/template/pkg/upper/request.go:30.84,31.9 1 0
git.legchelife.ru/root/template/pkg/upper/request.go:32.28,33.32 1 0
git.legchelife.ru/root/template/pkg/upper/request.go:34.22,35.22 1 0
git.legchelife.ru/root/template/pkg/upper/request.go:35.22,37.4 1 0
git.legchelife.ru/root/template/pkg/upper/request.go:37.9,40.4 2 0
git.legchelife.ru/root/template/pkg/upper/sql.go:11.47,15.16 4 0
git.legchelife.ru/root/template/pkg/upper/sql.go:15.16,17.3 1 0
git.legchelife.ru/root/template/pkg/upper/sql.go:18.2,18.36 1 0
git.legchelife.ru/root/template/pkg/upper/sql.go:18.36,20.3 1 0
git.legchelife.ru/root/template/pkg/upper/sql.go:21.2,21.18 1 0
git.legchelife.ru/root/template/pkg/upper/sql.go:25.52,29.16 4 0
git.legchelife.ru/root/template/pkg/upper/sql.go:29.16,31.3 1 0
git.legchelife.ru/root/template/pkg/upper/sql.go:32.2,32.36 1 0
git.legchelife.ru/root/template/pkg/upper/sql.go:32.36,34.3 1 0
git.legchelife.ru/root/template/pkg/upper/sql.go:35.2,35.18 1 0
git.legchelife.ru/root/template/internal/repo/ini.go:16.32,22.2 1 0
git.legchelife.ru/root/template/internal/repo/ini.go:28.9,34.2 1 1
git.legchelife.ru/root/template/internal/repo/company/company.go:9.35,11.2 1 0
git.legchelife.ru/root/template/internal/repo/company/company.go:23.68,26.74 2 0
git.legchelife.ru/root/template/internal/repo/company/company.go:26.74,29.17 3 0
git.legchelife.ru/root/template/internal/repo/company/company.go:29.17,31.4 1 0
git.legchelife.ru/root/template/internal/repo/company/company.go:32.3,32.23 1 0
git.legchelife.ru/root/template/internal/repo/company/company.go:34.2,34.16 1 0
git.legchelife.ru/root/template/internal/repo/company/company.go:34.16,36.3 1 0
git.legchelife.ru/root/template/internal/repo/company/company.go:37.2,37.22 1 0
git.legchelife.ru/root/template/internal/repo/section/section.go:9.35,13.2 1 0
git.legchelife.ru/root/template/internal/repo/section/section.go:23.65,26.76 2 0
git.legchelife.ru/root/template/internal/repo/section/section.go:26.76,29.17 3 0
git.legchelife.ru/root/template/internal/repo/section/section.go:29.17,31.4 1 0
git.legchelife.ru/root/template/internal/repo/section/section.go:32.3,32.22 1 0
git.legchelife.ru/root/template/internal/repo/section/section.go:34.2,34.16 1 0
git.legchelife.ru/root/template/internal/repo/section/section.go:34.16,36.3 1 0
git.legchelife.ru/root/template/internal/repo/section/section.go:37.2,37.22 1 0
git.legchelife.ru/root/template/internal/repo/user/repo.go:13.32,19.2 1 0
git.legchelife.ru/root/template/internal/repo/user/repo.go:25.9,31.2 1 1
git.legchelife.ru/root/template/internal/repo/user/user.go:33.78,35.70 2 0
git.legchelife.ru/root/template/internal/repo/user/user.go:35.70,41.17 6 0
git.legchelife.ru/root/template/internal/repo/user/user.go:41.17,43.4 1 0
git.legchelife.ru/root/template/internal/repo/user/user.go:45.3,45.20 1 0
git.legchelife.ru/root/template/internal/repo/user/user.go:47.2,47.16 1 0
git.legchelife.ru/root/template/internal/repo/user/user.go:47.16,49.3 1 0
git.legchelife.ru/root/template/internal/repo/user/user.go:50.2,50.22 1 0
git.legchelife.ru/root/template/internal/repo/user/user.go:54.62,56.68 2 0
git.legchelife.ru/root/template/internal/repo/user/user.go:56.68,59.17 3 0
git.legchelife.ru/root/template/internal/repo/user/user.go:59.17,61.4 1 0
git.legchelife.ru/root/template/internal/repo/user/user.go:62.3,62.20 1 0
git.legchelife.ru/root/template/internal/repo/user/user.go:64.2,64.16 1 0
git.legchelife.ru/root/template/internal/repo/user/user.go:64.16,66.3 1 0
git.legchelife.ru/root/template/internal/repo/user/user.go:67.2,67.22 1 0
git.legchelife.ru/root/template/internal/repo/user/user.go:71.65,73.68 2 0
git.legchelife.ru/root/template/internal/repo/user/user.go:73.68,75.17 2 0
git.legchelife.ru/root/template/internal/repo/user/user.go:75.17,77.4 1 0
git.legchelife.ru/root/template/internal/repo/user/user.go:78.3,78.20 1 0
git.legchelife.ru/root/template/internal/repo/user/user.go:80.2,80.16 1 0
git.legchelife.ru/root/template/internal/repo/user/user.go:80.16,82.3 1 0
git.legchelife.ru/root/template/internal/repo/user/user.go:83.2,83.28 1 0
git.legchelife.ru/root/template/internal/repo/user/user.go:87.65,89.66 2 0
git.legchelife.ru/root/template/internal/repo/user/user.go:89.66,91.17 2 0
git.legchelife.ru/root/template/internal/repo/user/user.go:91.17,93.4 1 0
git.legchelife.ru/root/template/internal/repo/user/user.go:94.3,94.19 1 0
git.legchelife.ru/root/template/internal/repo/user/user.go:96.2,96.16 1 0
git.legchelife.ru/root/template/internal/repo/user/user.go:96.16,98.3 1 0
git.legchelife.ru/root/template/internal/repo/user/user.go:99.2,99.22 1 0
git.legchelife.ru/root/template/internal/repo/user/user.go:103.64,105.66 2 0
git.legchelife.ru/root/template/internal/repo/user/user.go:105.66,107.17 2 0
git.legchelife.ru/root/template/internal/repo/user/user.go:107.17,109.4 1 0
git.legchelife.ru/root/template/internal/repo/user/user.go:110.3,110.19 1 0
git.legchelife.ru/root/template/internal/repo/user/user.go:112.2,112.16 1 0
git.legchelife.ru/root/template/internal/repo/user/user.go:112.16,114.3 1 0
git.legchelife.ru/root/template/internal/repo/user/user.go:115.2,115.22 1 0
git.legchelife.ru/root/template/internal/repo/user/user_filter.go:14.43,17.22 2 0
git.legchelife.ru/root/template/internal/repo/user/user_filter.go:17.22,19.3 1 0
git.legchelife.ru/root/template/internal/repo/user/user_filter.go:21.2,21.19 1 0
git.legchelife.ru/root/template/internal/repo/user/user_filter.go:21.19,23.3 1 0
git.legchelife.ru/root/template/internal/repo/user/user_filter.go:25.2,25.22 1 0
git.legchelife.ru/root/template/internal/repo/user/user_filter.go:25.22,27.3 1 0
git.legchelife.ru/root/template/internal/repo/user/user_filter.go:29.2,29.19 1 0
git.legchelife.ru/root/template/internal/repo/user/user_param.go:21.69,23.72 2 0
git.legchelife.ru/root/template/internal/repo/user/user_param.go:23.72,28.17 5 0
git.legchelife.ru/root/template/internal/repo/user/user_param.go:28.17,30.4 1 0
git.legchelife.ru/root/template/internal/repo/user/user_param.go:31.3,31.25 1 0
git.legchelife.ru/root/template/internal/repo/user/user_param.go:33.2,33.16 1 0
git.legchelife.ru/root/template/internal/repo/user/user_param.go:33.16,35.3 1 0
git.legchelife.ru/root/template/internal/repo/user/user_param.go:36.2,36.22 1 0
git.legchelife.ru/root/template/internal/repo/user/user_param_filter.go:13.47,16.18 2 0
git.legchelife.ru/root/template/internal/repo/user/user_param_filter.go:16.18,18.3 1 0
git.legchelife.ru/root/template/internal/repo/user/user_param_filter.go:20.2,20.22 1 0
git.legchelife.ru/root/template/internal/repo/user/user_param_filter.go:20.22,22.3 1 0
git.legchelife.ru/root/template/internal/repo/user/user_param_filter.go:24.2,24.19 1 0
git.legchelife.ru/root/template/internal/repo/user/user_param_filter.go:24.19,26.3 1 0
git.legchelife.ru/root/template/internal/repo/user/user_param_filter.go:28.2,28.22 1 0
git.legchelife.ru/root/template/internal/repo/user/user_param_filter.go:28.22,30.3 1 0
git.legchelife.ru/root/template/internal/repo/user/user_param_filter.go:32.2,32.19 1 0
git.legchelife.ru/root/template/internal/repo/user/user_token.go:35.73,37.70 2 0
git.legchelife.ru/root/template/internal/repo/user/user_token.go:37.70,50.3 6 0
git.legchelife.ru/root/template/internal/repo/user/user_token.go:51.2,51.16 1 0
git.legchelife.ru/root/template/internal/repo/user/user_token.go:51.16,53.3 1 0
git.legchelife.ru/root/template/internal/repo/user/user_token.go:54.2,54.22 1 0
git.legchelife.ru/root/template/internal/repo/user/user_token.go:58.44,70.9 6 0
git.legchelife.ru/root/template/internal/repo/user/user_token.go:70.9,72.3 1 0
git.legchelife.ru/root/template/internal/repo/user/user_token.go:73.2,73.49 1 0
git.legchelife.ru/root/template/internal/repo/user/user_token.go:77.33,83.30 5 0
git.legchelife.ru/root/template/internal/repo/user/user_token.go:83.30,85.3 1 0
git.legchelife.ru/root/template/internal/repo/user/user_token.go:87.2,91.18 4 0
git.legchelife.ru/root/template/internal/repo/user/mock/user_mock.go:27.55,31.2 3 0
git.legchelife.ru/root/template/internal/repo/user/mock/user_mock.go:34.53,36.2 1 0
git.legchelife.ru/root/template/internal/repo/user/mock/user_mock.go:39.69,45.2 5 0
git.legchelife.ru/root/template/internal/repo/user/mock/user_mock.go:48.75,51.2 2 0
git.legchelife.ru/root/template/internal/repo/user/mock/user_mock.go:54.72,60.2 5 0
git.legchelife.ru/root/template/internal/repo/user/mock/user_mock.go:63.72,66.2 2 0
git.legchelife.ru/root/template/internal/repo/user/mock/user_mock.go:69.93,75.2 5 0
git.legchelife.ru/root/template/internal/repo/user/mock/user_mock.go:78.80,81.2 2 0
git.legchelife.ru/root/template/internal/repo/user/mock/user_mock.go:84.72,90.2 5 0
git.legchelife.ru/root/template/internal/repo/user/mock/user_mock.go:93.72,96.2 2 0
git.legchelife.ru/root/template/internal/repo/user/mock/user_mock.go:99.75,105.2 5 0
git.legchelife.ru/root/template/internal/repo/user/mock/user_mock.go:108.74,111.2 2 0
git.legchelife.ru/root/template/internal/repo/user/mock/user_param_mock.go:27.57,31.2 3 1
git.legchelife.ru/root/template/internal/repo/user/mock/user_param_mock.go:34.55,36.2 1 1
git.legchelife.ru/root/template/internal/repo/user/mock/user_param_mock.go:39.79,45.2 5 1
git.legchelife.ru/root/template/internal/repo/user/mock/user_param_mock.go:48.77,51.2 2 1
git.legchelife.ru/root/template/internal/repo/user/mock/user_token_mock.go:27.57,31.2 3 0
git.legchelife.ru/root/template/internal/repo/user/mock/user_token_mock.go:34.55,36.2 1 0
git.legchelife.ru/root/template/internal/repo/user/mock/user_token_mock.go:39.92,45.2 5 0
git.legchelife.ru/root/template/internal/repo/user/mock/user_token_mock.go:48.91,51.2 2 0
git.legchelife.ru/root/template/internal/usecase/ini.go:16.33,23.2 1 1
git.legchelife.ru/root/template/internal/usecase/module/section/section.go:13.36,17.2 1 1
git.legchelife.ru/root/template/internal/usecase/module/section/section.go:20.77,24.16 2 0
git.legchelife.ru/root/template/internal/usecase/module/section/section.go:24.16,26.3 1 0
git.legchelife.ru/root/template/internal/usecase/module/section/section.go:26.8,28.3 1 0
git.legchelife.ru/root/template/internal/usecase/module/user/param.go:13.41,17.2 1 1
git.legchelife.ru/root/template/internal/usecase/module/user/param.go:20.76,25.16 2 1
git.legchelife.ru/root/template/internal/usecase/module/user/param.go:25.16,27.3 1 1
git.legchelife.ru/root/template/internal/usecase/module/user/param.go:27.8,29.3 1 1
git.legchelife.ru/root/template/internal/usecase/module/user/repo.go:11.37,17.2 1 1
git.legchelife.ru/root/template/internal/usecase/module/user/token.go:14.39,16.2 1 1
git.legchelife.ru/root/template/internal/usecase/module/user/token.go:19.86,28.16 4 0
git.legchelife.ru/root/template/internal/usecase/module/user/token.go:28.16,30.3 1 0
git.legchelife.ru/root/template/internal/usecase/module/user/token.go:31.2,31.21 1 0
git.legchelife.ru/root/template/internal/usecase/module/user/token.go:31.21,34.3 2 0
git.legchelife.ru/root/template/internal/usecase/module/user/token.go:36.2,36.20 1 0
git.legchelife.ru/root/template/internal/usecase/module/user/token.go:36.20,39.3 2 0
git.legchelife.ru/root/template/internal/usecase/module/user/token.go:42.2,43.16 2 0
git.legchelife.ru/root/template/internal/usecase/module/user/token.go:43.16,45.3 1 0
git.legchelife.ru/root/template/internal/usecase/module/user/token.go:47.2,50.16 3 0
git.legchelife.ru/root/template/internal/usecase/module/user/token.go:50.16,52.3 1 0
git.legchelife.ru/root/template/internal/usecase/module/user/token.go:54.2,54.19 1 0
git.legchelife.ru/root/template/internal/usecase/module/user/user.go:15.37,19.2 1 1
git.legchelife.ru/root/template/internal/usecase/module/user/user.go:22.68,25.16 2 0
git.legchelife.ru/root/template/internal/usecase/module/user/user.go:25.16,27.3 1 0
git.legchelife.ru/root/template/internal/usecase/module/user/user.go:28.2,28.16 1 0
git.legchelife.ru/root/template/internal/usecase/module/user/user.go:32.89,35.16 2 0
git.legchelife.ru/root/template/internal/usecase/module/user/user.go:35.16,37.3 1 0
git.legchelife.ru/root/template/internal/usecase/module/user/user.go:38.2,38.16 1 0
git.legchelife.ru/root/template/internal/usecase/module/user/user.go:42.68,45.16 2 0
git.legchelife.ru/root/template/internal/usecase/module/user/user.go:45.16,47.3 1 0
git.legchelife.ru/root/template/internal/usecase/module/user/user.go:48.2,48.16 1 0
git.legchelife.ru/root/template/internal/usecase/module/user/user.go:52.71,55.16 2 0
git.legchelife.ru/root/template/internal/usecase/module/user/user.go:55.16,57.3 1 0
git.legchelife.ru/root/template/internal/usecase/module/user/user.go:58.2,58.16 1 0
git.legchelife.ru/root/template/internal/usecase/module/user/user.go:62.65,65.16 2 0
git.legchelife.ru/root/template/internal/usecase/module/user/user.go:65.16,67.3 1 0
git.legchelife.ru/root/template/internal/usecase/module/user/user.go:68.2,68.16 1 0
git.legchelife.ru/root/template/pkg/models/error.go:8.44,10.2 1 0
git.legchelife.ru/root/template/pkg/models/error.go:12.48,14.2 1 0
git.legchelife.ru/root/template/pkg/models/context/context.go:24.45,27.14 2 0
git.legchelife.ru/root/template/pkg/models/context/context.go:27.14,30.10 3 0
git.legchelife.ru/root/template/pkg/models/context/context.go:30.10,33.4 2 0
git.legchelife.ru/root/template/pkg/models/context/context.go:33.9,35.64 1 0
git.legchelife.ru/root/template/pkg/models/context/context.go:35.64,37.5 1 0
git.legchelife.ru/root/template/pkg/models/context/context.go:37.10,40.5 2 0
git.legchelife.ru/root/template/pkg/models/context/context.go:44.2,44.12 1 0
git.legchelife.ru/root/template/pkg/models/context/context.go:51.45,53.9 2 0
git.legchelife.ru/root/template/pkg/models/context/context.go:53.9,56.3 2 0
git.legchelife.ru/root/template/pkg/models/rechan/rechan.go:13.59,14.19 1 0
git.legchelife.ru/root/template/pkg/models/rechan/rechan.go:14.19,16.3 1 0
git.legchelife.ru/root/template/pkg/models/rechan/rechan.go:17.2,17.9 1 0
git.legchelife.ru/root/template/pkg/models/rechan/rechan.go:18.25,19.10 1 0
git.legchelife.ru/root/template/pkg/models/rechan/rechan.go:19.10,21.4 1 0
git.legchelife.ru/root/template/pkg/models/rechan/rechan.go:22.10,23.29 1 0
git.legchelife.ru/root/template/pkg/models/rechan/rechan.go:27.67,28.19 1 0
git.legchelife.ru/root/template/pkg/models/rechan/rechan.go:28.19,30.3 1 0
git.legchelife.ru/root/template/pkg/models/rechan/rechan.go:31.2,31.9 1 0
git.legchelife.ru/root/template/pkg/models/rechan/rechan.go:32.25,33.10 1 0
git.legchelife.ru/root/template/pkg/models/rechan/rechan.go:33.10,35.4 1 0
git.legchelife.ru/root/template/pkg/models/rechan/rechan.go:36.10,37.45 1 0
git.legchelife.ru/root/template/pkg/models/rechan/rechan.go:41.38,42.9 1 0
git.legchelife.ru/root/template/pkg/models/rechan/rechan.go:43.40,44.65 1 0
git.legchelife.ru/root/template/pkg/models/rechan/rechan.go:47.2,47.12 1 0
git.legchelife.ru/root/template/pkg/models/rechan/rechan_multiple.go:10.86,11.19 1 0
git.legchelife.ru/root/template/pkg/models/rechan/rechan_multiple.go:11.19,13.3 1 0
git.legchelife.ru/root/template/pkg/models/rechan/rechan_multiple.go:14.2,14.9 1 0
git.legchelife.ru/root/template/pkg/models/rechan/rechan_multiple.go:15.25,16.10 1 0
git.legchelife.ru/root/template/pkg/models/rechan/rechan_multiple.go:16.10,18.4 1 0
git.legchelife.ru/root/template/pkg/models/rechan/rechan_multiple.go:19.10,20.43 1 0
git.legchelife.ru/root/template/pkg/models/rechan/rechan_multiple.go:20.43,23.4 2 0
git.legchelife.ru/root/template/pkg/models/rechan/rechan_multiple.go:23.9,25.4 1 0
git.legchelife.ru/root/template/pkg/models/rechan/rechan_multiple.go:29.67,30.19 1 0
git.legchelife.ru/root/template/pkg/models/rechan/rechan_multiple.go:30.19,32.3 1 0
git.legchelife.ru/root/template/pkg/models/rechan/rechan_multiple.go:33.2,33.9 1 0
git.legchelife.ru/root/template/pkg/models/rechan/rechan_multiple.go:34.25,35.10 1 0
git.legchelife.ru/root/template/pkg/models/rechan/rechan_multiple.go:35.10,37.4 1 0
git.legchelife.ru/root/template/pkg/models/rechan/rechan_multiple.go:38.10,39.33 1 0
git.legchelife.ru/root/template/pkg/security/jwt/jwt.go:11.47,12.30 1 0
git.legchelife.ru/root/template/pkg/security/jwt/jwt.go:12.30,14.24 2 0
git.legchelife.ru/root/template/pkg/security/jwt/jwt.go:14.24,18.4 3 0
git.legchelife.ru/root/template/pkg/security/jwt/jwt.go:22.3,22.40 1 0
git.legchelife.ru/root/template/pkg/security/jwt/jwt.go:22.40,26.4 3 0
git.legchelife.ru/root/template/pkg/security/jwt/jwt.go:27.3,29.74 2 0
git.legchelife.ru/root/template/pkg/security/jwt/jwt.go:29.74,30.59 1 0
git.legchelife.ru/root/template/pkg/security/jwt/jwt.go:30.59,33.5 2 0
git.legchelife.ru/root/template/pkg/security/jwt/jwt.go:34.4,35.11 2 0
git.legchelife.ru/root/template/pkg/security/jwt/jwt.go:35.11,38.5 2 0
git.legchelife.ru/root/template/pkg/security/jwt/jwt.go:39.4,39.30 1 0
git.legchelife.ru/root/template/pkg/security/jwt/jwt.go:42.3,42.17 1 0
git.legchelife.ru/root/template/pkg/security/jwt/jwt.go:42.17,45.4 2 0
git.legchelife.ru/root/template/pkg/security/jwt/jwt.go:47.3,47.18 1 0
git.legchelife.ru/root/template/pkg/security/jwt/jwt.go:47.18,49.69 1 0
git.legchelife.ru/root/template/pkg/security/jwt/jwt.go:49.69,51.61 1 0
git.legchelife.ru/root/template/pkg/security/jwt/jwt.go:51.61,55.6 3 0
git.legchelife.ru/root/template/pkg/security/jwt/jwt.go:57.5,65.30 2 0
git.legchelife.ru/root/template/pkg/security/jwt/jwt.go:66.10,70.5 3 0
git.legchelife.ru/root/template/pkg/security/jwt/jwt.go:72.9,72.51 1 0
git.legchelife.ru/root/template/pkg/security/jwt/jwt.go:72.51,76.4 3 0
git.legchelife.ru/root/template/pkg/security/jwt/jwt.go:76.9,76.58 1 0
git.legchelife.ru/root/template/pkg/security/jwt/jwt.go:76.58,80.4 3 0
git.legchelife.ru/root/template/pkg/security/jwt/jwt.go:80.9,80.92 1 0
git.legchelife.ru/root/template/pkg/security/jwt/jwt.go:80.92,84.4 3 0
git.legchelife.ru/root/template/pkg/security/jwt/jwt.go:84.9,88.4 3 0
git.legchelife.ru/root/template/pkg/security/jwt/jwt.go:89.3,89.11 1 0
git.legchelife.ru/root/template/pkg/upper/request.go:11.89,16.2 4 0
git.legchelife.ru/root/template/pkg/upper/request.go:19.87,22.16 3 0
git.legchelife.ru/root/template/pkg/upper/request.go:22.16,24.3 1 0
git.legchelife.ru/root/template/pkg/upper/request.go:24.8,26.3 1 0
git.legchelife.ru/root/template/pkg/upper/request.go:30.84,31.9 1 0
git.legchelife.ru/root/template/pkg/upper/request.go:32.28,33.32 1 0
git.legchelife.ru/root/template/pkg/upper/request.go:34.22,35.22 1 0
git.legchelife.ru/root/template/pkg/upper/request.go:35.22,37.4 1 0
git.legchelife.ru/root/template/pkg/upper/request.go:37.9,40.4 2 0
git.legchelife.ru/root/template/pkg/upper/sql.go:11.47,15.16 4 0
git.legchelife.ru/root/template/pkg/upper/sql.go:15.16,17.3 1 0
git.legchelife.ru/root/template/pkg/upper/sql.go:18.2,18.36 1 0
git.legchelife.ru/root/template/pkg/upper/sql.go:18.36,20.3 1 0
git.legchelife.ru/root/template/pkg/upper/sql.go:21.2,21.18 1 0
git.legchelife.ru/root/template/pkg/upper/sql.go:25.52,29.16 4 0
git.legchelife.ru/root/template/pkg/upper/sql.go:29.16,31.3 1 0
git.legchelife.ru/root/template/pkg/upper/sql.go:32.2,32.36 1 0
git.legchelife.ru/root/template/pkg/upper/sql.go:32.36,34.3 1 0
git.legchelife.ru/root/template/pkg/upper/sql.go:35.2,35.18 1 0
